\BOOKMARK [1][-]{section.1}{\376\377\000I\000n\000t\000r\000o\000d\000u\000c\000c\000i\000\363\000n}{}% 1
\BOOKMARK [1][-]{section.2}{\376\377\000I\000n\000s\000t\000a\000l\000a\000c\000i\000\363\000n\000\040\000y\000\040\000C\000o\000n\000f\000i\000g\000u\000r\000a\000c\000i\000\363\000n\000\040\000e\000n\000\040\000W\000i\000n\000d\000o\000w\000s\000\040\0001\0000}{}% 2
\BOOKMARK [2][-]{subsection.2.1}{\376\377\000R\000e\000q\000u\000i\000s\000i\000t\000o\000s}{section.2}% 3
\BOOKMARK [2][-]{subsection.2.2}{\376\377\000J\000a\000v\000a\000\040\000J\000D\000K}{section.2}% 4
\BOOKMARK [3][-]{subsubsection.2.2.1}{\376\377\000D\000e\000s\000c\000a\000r\000g\000a}{subsection.2.2}% 5
\BOOKMARK [3][-]{subsubsection.2.2.2}{\376\377\000I\000n\000s\000t\000a\000l\000a\000c\000i\000o\000n}{subsection.2.2}% 6
\BOOKMARK [3][-]{subsubsection.2.2.3}{\376\377\000V\000a\000r\000i\000a\000b\000l\000e\000s\000\040\000d\000e\000\040\000e\000n\000t\000o\000r\000n\000o}{subsection.2.2}% 7
\BOOKMARK [2][-]{subsection.2.3}{\376\377\000A\000n\000a\000c\000o\000n\000d\000a}{section.2}% 8
\BOOKMARK [3][-]{subsubsection.2.3.1}{\376\377\000D\000e\000s\000c\000a\000r\000g\000a}{subsection.2.3}% 9
\BOOKMARK [3][-]{subsubsection.2.3.2}{\376\377\000I\000n\000s\000t\000a\000l\000a\000c\000i\000o\000n}{subsection.2.3}% 10
\BOOKMARK [2][-]{subsection.2.4}{\376\377\000A\000p\000a\000c\000h\000e\000\040\000S\000p\000a\000r\000k}{section.2}% 11
\BOOKMARK [3][-]{subsubsection.2.4.1}{\376\377\000D\000e\000s\000c\000a\000r\000g\000a}{subsection.2.4}% 12
\BOOKMARK [3][-]{subsubsection.2.4.2}{\376\377\000I\000n\000s\000t\000a\000l\000a\000c\000i\000\363\000n}{subsection.2.4}% 13
\BOOKMARK [3][-]{subsubsection.2.4.3}{\376\377\000V\000a\000r\000i\000a\000b\000l\000e\000s\000\040\000d\000e\000\040\000e\000n\000t\000o\000r\000n\000o}{subsection.2.4}% 14
\BOOKMARK [3][-]{subsubsection.2.4.4}{\376\377\000S\000c\000a\000l\000a\000\040\000y\000\040\000P\000y\000t\000h\000o\000n\000\040\000d\000e\000s\000d\000e\000\040\000c\000o\000n\000s\000o\000l\000a}{subsection.2.4}% 15
\BOOKMARK [3][-]{subsubsection.2.4.5}{\376\377\000E\000j\000e\000c\000u\000t\000a\000n\000d\000o\000\040\000S\000p\000a\000r\000k\000-\000s\000h\000e\000l\000l\000\040\000y\000\040\000p\000y\000s\000p\000a\000r\000k\000\040\000d\000e\000s\000d\000e\000\040\000c\000o\000n\000s\000o\000l\000a}{subsection.2.4}% 16
\BOOKMARK [3][-]{subsubsection.2.4.6}{\376\377\000J\000u\000p\000y\000t\000e\000r\000\040\000N\000o\000t\000e\000b\000o\000o\000k\000\040\000d\000e\000s\000d\000e\000\040\000c\000o\000n\000s\000o\000l\000a\000\040\000c\000o\000n\000\040\000P\000y\000s\000p\000a\000r\000k}{subsection.2.4}% 17
\BOOKMARK [3][-]{subsubsection.2.4.7}{\376\377\000P\000y\000s\000p\000a\000r\000k\000\040\000e\000n\000\040\000a\000n\000a\000c\000o\000n\000d\000a}{subsection.2.4}% 18
\BOOKMARK [3][-]{subsubsection.2.4.8}{\376\377\000S\000c\000a\000l\000a\000\040\000d\000e\000s\000d\000e\000\040\000J\000u\000p\000y\000t\000e\000r\000\040\000N\000o\000t\000e\000b\000o\000o\000k}{subsection.2.4}% 19
\BOOKMARK [3][-]{subsubsection.2.4.9}{\376\377\000R\000\040\000d\000e\000s\000d\000e\000\040\000J\000u\000p\000y\000t\000e\000r\000\040\000N\000o\000t\000e\000b\000o\000o\000k}{subsection.2.4}% 20
\BOOKMARK [2][-]{subsection.2.5}{\376\377\000A\000p\000a\000c\000h\000e\000\040\000K\000a\000f\000k\000a}{section.2}% 21
\BOOKMARK [3][-]{subsubsection.2.5.1}{\376\377\000D\000e\000s\000c\000a\000r\000g\000a}{subsection.2.5}% 22
\BOOKMARK [3][-]{subsubsection.2.5.2}{\376\377\000I\000n\000s\000t\000a\000l\000a\000c\000i\000\363\000n}{subsection.2.5}% 23
\BOOKMARK [3][-]{subsubsection.2.5.3}{\376\377\000V\000a\000r\000i\000a\000b\000l\000e\000s\000\040\000d\000e\000\040\000e\000n\000t\000o\000r\000n\000o}{subsection.2.5}% 24
\BOOKMARK [3][-]{subsubsection.2.5.4}{\376\377\000V\000e\000r\000i\000f\000i\000c\000a\000c\000i\000\363\000n\000\040\000d\000e\000\040\000F\000u\000n\000c\000i\000o\000n\000a\000m\000i\000e\000n\000t\000o}{subsection.2.5}% 25
\BOOKMARK [1][-]{section.3}{\376\377\000I\000n\000s\000t\000a\000l\000a\000c\000i\000\363\000n\000\040\000y\000\040\000C\000o\000n\000f\000i\000g\000u\000r\000a\000c\000i\000\363\000n\000\040\000e\000n\000\040\000U\000b\000u\000n\000t\000u}{}% 26
\BOOKMARK [2][-]{subsection.3.1}{\376\377\000R\000e\000q\000u\000i\000s\000i\000t\000o\000s}{section.3}% 27
\BOOKMARK [2][-]{subsection.3.2}{\376\377\000J\000a\000v\000a\000\040\000J\000D\000K}{section.3}% 28
\BOOKMARK [2][-]{subsection.3.3}{\376\377\000A\000n\000a\000c\000o\000n\000d\000a}{section.3}% 29
\BOOKMARK [3][-]{subsubsection.3.3.1}{\376\377\000I\000n\000s\000t\000a\000l\000a\000c\000i\000\363\000n}{subsection.3.3}% 30
\BOOKMARK [1][-]{section.4}{\376\377\000A\000p\000a\000c\000h\000e\000\040\000S\000p\000a\000r\000k}{}% 31
\BOOKMARK [2][-]{subsection.4.1}{\376\377\000T\000i\000p\000o\000s\000\040\000d\000e\000\040\000a\000d\000m\000i\000n\000i\000s\000t\000r\000a\000d\000o\000r\000e\000s\000\040\000d\000e\000\040\000c\000l\000\372\000s\000t\000e\000r\000s}{section.4}% 32
\BOOKMARK [1][-]{section.5}{\376\377\000S\000e\000r\000v\000i\000c\000i\000o\000s\000\040\000e\000n\000\040\000l\000a\000\040\000n\000u\000b\000e}{}% 33
\BOOKMARK [2][-]{subsection.5.1}{\376\377\000D\000a\000t\000a\000b\000r\000i\000c\000k\000s}{section.5}% 34
\BOOKMARK [3][-]{subsubsection.5.1.1}{\376\377\000R\000e\000g\000i\000s\000t\000r\000o}{subsection.5.1}% 35
\BOOKMARK [3][-]{subsubsection.5.1.2}{\376\377\000C\000r\000e\000a\000c\000i\000o\000n\000\040\000d\000e\000\040\000C\000l\000u\000s\000t\000e\000r}{subsection.5.1}% 36
\BOOKMARK [3][-]{subsubsection.5.1.3}{\376\377\000C\000r\000e\000a\000c\000i\000o\000n\000\040\000y\000\040\000c\000a\000r\000g\000a\000\040\000d\000e\000\040\000N\000o\000t\000e\000b\000o\000o\000k\000s}{subsection.5.1}% 37
\BOOKMARK [2][-]{subsection.5.2}{\376\377\000G\000o\000o\000g\000l\000e\000\040\000C\000l\000o\000u\000d}{section.5}% 38
\BOOKMARK [3][-]{subsubsection.5.2.1}{\376\377\000R\000e\000g\000i\000s\000t\000r\000o}{subsection.5.2}% 39
\BOOKMARK [3][-]{subsubsection.5.2.2}{\376\377\000S\000t\000o\000r\000a\000g\000e}{subsection.5.2}% 40
\BOOKMARK [3][-]{subsubsection.5.2.3}{\376\377\000D\000a\000t\000a\000p\000r\000o\000c}{subsection.5.2}% 41
\BOOKMARK [1][-]{section.6}{\376\377\000O\000p\000t\000i\000m\000i\000z\000a\000c\000i\000\363\000n}{}% 42
\BOOKMARK [2][-]{subsection.6.1}{\376\377\000E\000l\000e\000g\000i\000r\000\040\000u\000n\000\040\000t\000i\000p\000o\000\040\000d\000e\000\040\000c\000o\000m\000p\000r\000e\000s\000i\000\363\000n}{section.6}% 43
